   Compiling libc v0.2.182
   Compiling proc-macro2 v1.0.106
   Compiling quote v1.0.44
   Compiling unicode-ident v1.0.23
   Compiling cfg-if v1.0.4
   Compiling version_check v0.9.5
   Compiling shlex v1.3.0
   Compiling find-msvc-tools v0.1.9
   Compiling bitflags v2.11.0
   Compiling autocfg v1.5.0
   Compiling log v0.4.29
   Compiling smallvec v1.15.1
   Compiling once_cell v1.21.3
   Compiling bitflags v1.3.2
   Compiling thiserror v1.0.69
   Compiling cfg_aliases v0.1.1
   Compiling pkg-config v0.3.32
   Compiling parking_lot_core v0.9.12
   Compiling raw-window-handle v0.6.2
   Compiling siphasher v1.0.2
   Compiling core-foundation-sys v0.8.7
   Compiling pin-project-lite v0.2.16
   Compiling objc2-encode v4.1.0
   Compiling zerocopy v0.8.39
   Compiling rand_core v0.6.4
   Compiling num-traits v0.2.19
   Compiling scopeguard v1.2.0
   Compiling phf_shared v0.11.3
   Compiling lock_api v0.4.14
   Compiling rand v0.8.5
   Compiling typenum v1.19.0
   Compiling simd-adler32 v0.3.8
   Compiling generic-array v0.14.7
   Compiling futures-sink v0.3.31
   Compiling futures-core v0.3.31
   Compiling palette v0.7.6
   Compiling phf_generator v0.11.3
   Compiling by_address v1.2.1
   Compiling objc-sys v0.3.5
   Compiling rustc-hash v1.1.0
   Compiling memchr v2.8.0
   Compiling foreign-types-shared v0.3.1
   Compiling syn v2.0.115
   Compiling jobserver v0.1.34
   Compiling core-foundation v0.9.4
   Compiling malloc_buf v0.0.6
   Compiling cc v1.2.56
   Compiling parking_lot v0.12.5
   Compiling core-graphics-types v0.1.3
   Compiling futures-channel v0.3.31
   Compiling slotmap v1.1.1
   Compiling slab v0.4.12
   Compiling smol_str v0.2.2
   Compiling futures-io v0.3.31
   Compiling fast-srgb8 v1.0.0
   Compiling pin-utils v0.1.0
   Compiling libm v0.2.16
   Compiling adler2 v2.0.1
   Compiling equivalent v1.0.2
   Compiling futures-task v0.3.31
   Compiling crc32fast v1.5.0
   Compiling miniz_oxide v0.8.9
   Compiling errno v0.3.14
   Compiling num_cpus v1.17.0
   Compiling approx v0.5.1
   Compiling glam v0.25.0
   Compiling web-time v0.2.4
   Compiling objc2 v0.6.3
   Compiling tinyvec_macros v0.1.1
   Compiling xxhash-rust v0.8.15
   Compiling block v0.1.6
   Compiling arrayvec v0.7.6
   Compiling paste v1.0.15
   Compiling tinyvec v1.10.0
   Compiling signal-hook-registry v1.4.8
   Compiling socket2 v0.6.2
   Compiling memmap2 v0.8.0
   Compiling mio v1.1.1
   Compiling objc_exception v0.1.2
   Compiling zeno v0.2.3
   Compiling termcolor v1.4.1
   Compiling unicode-ccc v0.1.2
   Compiling yazi v0.1.6
   Compiling bit-vec v0.6.3
   Compiling ttf-parser v0.20.0
   Compiling hashbrown v0.16.1
   Compiling ttf-parser v0.19.2
   Compiling unicode-width v0.1.14
   Compiling bytes v1.11.1
   Compiling unicode-script v0.5.8
   Compiling unicode-bidi-mirroring v0.1.0
   Compiling crossbeam-utils v0.8.21
   Compiling unicode-properties v0.1.4
   Compiling codespan-reporting v0.11.1
   Compiling indexmap v2.13.0
   Compiling objc v0.2.7
   Compiling bit-set v0.5.3
   Compiling flate2 v1.1.9
   Compiling tracing-core v0.1.36
   Compiling wgpu-hal v0.19.5
   Compiling unicode-bidi v0.3.18
   Compiling unicode-segmentation v1.12.0
   Compiling sys-locale v0.3.2
   Compiling hexf-parse v0.2.1
   Compiling self_cell v1.2.2
   Compiling unicode-linebreak v0.1.5
   Compiling rangemap v1.7.1
   Compiling unicode-xid v0.2.6
   Compiling crypto-common v0.1.7
   Compiling wgpu-core v0.19.4
   Compiling wgpu-types v0.19.2
   Compiling libloading v0.8.9
   Compiling profiling v1.0.17
   Compiling euclid v0.22.13
   Compiling fdeflate v0.3.7
   Compiling wgpu v0.19.4
   Compiling block-sys v0.2.1
   Compiling objc2-core-foundation v0.3.2
   Compiling crossbeam-epoch v0.9.18
   Compiling foldhash v0.1.5
   Compiling allocator-api2 v0.2.21
   Compiling svg_fmt v0.4.5
   Compiling rayon-core v1.13.0
   Compiling fontdb v0.15.0
   Compiling subtle v2.6.1
   Compiling crossbeam-deque v0.8.6
   Compiling hashbrown v0.15.5
   Compiling png v0.17.16
   Compiling block-buffer v0.10.4
   Compiling zstd-sys v2.0.16+zstd.1.5.7
   Compiling bytemuck_derive v1.10.2
   Compiling thiserror-impl v1.0.69
   Compiling zerocopy-derive v0.8.39
   Compiling phf_macros v0.11.3
   Compiling foreign-types-macros v0.2.3
   Compiling palette_derive v0.7.6
   Compiling futures-macro v0.3.31
   Compiling tokio-macros v2.6.0
   Compiling tracing-attributes v0.1.31
   Compiling foreign-types v0.5.0
   Compiling phf v0.11.3
   Compiling metal v0.27.0
   Compiling futures-util v0.3.31
   Compiling tokio v1.49.0
   Compiling bytemuck v1.25.0
   Compiling objc2-foundation v0.3.2
   Compiling objc2 v0.5.2
   Compiling arrayref v0.3.9
   Compiling static_assertions v1.1.0
   Compiling objc2-encode v3.0.0
   Compiling strict-num v0.1.1
   Compiling objc2-core-graphics v0.3.2
   Compiling tracing v0.1.44
   Compiling objc2 v0.4.1
   Compiling lru v0.12.5
   Compiling objc2-quartz-core v0.3.2
   Compiling objc2-foundation v0.2.2
   Compiling font-types v0.7.3
   Compiling rustybuzz v0.11.0
   Compiling read-fonts v0.22.7
   Compiling naga v0.19.2
   Compiling tiny-skia-path v0.11.4
   Compiling digest v0.10.7
   Compiling etagere v0.2.15
   Compiling cpufeatures v0.2.17
   Compiling ahash v0.8.12
   Compiling dispatch v0.2.0
   Compiling serde_core v1.0.228
   Compiling futures-executor v0.3.31
   Compiling tiny-skia v0.11.4
   Compiling futures v0.3.31
   Compiling softbuffer v0.4.8
   Compiling objc2-app-kit v0.2.2
   Compiling block2 v0.3.0
   Compiling guillotiere v0.6.2
   Compiling bzip2-sys v0.1.13+1.0.8
   Compiling kurbo v0.10.4
   Compiling winit v0.29.15
   Compiling zstd-safe v5.0.2+zstd.1.5.2
   Compiling either v1.15.0
   Compiling vcpkg v0.2.15
   Compiling rayon v1.11.0
   Compiling libsqlite3-sys v0.28.0
   Compiling icrate v0.0.4
   Compiling clipboard_macos v0.1.1
   Compiling core-graphics v0.23.2
   Compiling inout v0.1.4
   Compiling powerfmt v0.2.0
   Compiling serde v1.0.228
   Compiling half v2.7.1
   Compiling regex-syntax v0.8.9
   Compiling skrifa v0.22.3
   Compiling base64ct v1.6.0
   Compiling zmij v1.0.21
   Compiling iced_core v0.12.3
   Compiling weezl v0.1.12
   Compiling cursor-icon v1.2.0
   Compiling regex-automata v0.4.14
   Compiling iced_futures v0.12.0
   Compiling iced_style v0.12.1
   Compiling iced_runtime v0.12.1
   Compiling password-hash v0.4.2
   Compiling hashbrown v0.14.5
   Compiling swash v0.1.19
   Compiling jpeg-decoder v0.3.2
   Compiling deranged v0.3.11
   Compiling cipher v0.4.4
   Compiling window_clipboard v0.4.1
   Compiling sha2 v0.10.9
   Compiling hmac v0.12.1
   Compiling serde_derive v1.0.228
   Compiling objc_id v0.1.1
   Compiling zune-inflate v0.2.54
   Compiling time-core v0.1.2
   Compiling serde_json v1.0.149
   Compiling option-ext v0.2.0
   Compiling color_quant v1.1.0
   Compiling byteorder v1.5.0
   Compiling lazy_static v1.5.0
   Compiling lebe v0.5.3
   Compiling rfd v0.14.1
   Compiling num-conv v0.1.0
   Compiling bit_field v0.10.3
   Compiling time v0.3.36
   Compiling exr v1.74.0
   Compiling sharded-slab v0.1.7
   Compiling gif v0.13.3
   Compiling dirs-sys v0.4.1
   Compiling objc-foundation v0.1.1
   Compiling cosmic-text v0.10.0
   Compiling pbkdf2 v0.11.0
   Compiling bzip2 v0.4.4
   Compiling iced_graphics v0.12.1
   Compiling aes v0.8.4
   Compiling iced_tiny_skia v0.12.1
   Compiling iced_winit v0.12.2
   Compiling tiff v0.9.1
   Compiling matchers v0.2.0
   Compiling hashlink v0.9.1
   Compiling sha1 v0.10.6
   Compiling qoi v0.4.1
   Compiling tracing-log v0.2.0
   Compiling nodoka v0.2.0 (/Users/mistlight/Projects/Nodoka/wt-004-acceptance)
   Compiling iana-time-zone v0.1.65
   Compiling thread_local v1.1.9
   Compiling fallible-iterator v0.3.0
   Compiling nu-ansi-term v0.50.3
   Compiling fallible-streaming-iterator v0.1.9
   Compiling itoa v1.0.17
   Compiling constant_time_eq v0.1.5
   Compiling same-file v1.0.6
   Compiling walkdir v2.5.0
   Compiling tracing-subscriber v0.3.22
   Compiling chrono v0.4.43
   Compiling image v0.24.9
   Compiling directories v5.0.1
   Compiling vlc-rs v0.3.0
   Compiling natord v1.0.9
   Compiling zstd v0.11.2+zstd.1.5.2
   Compiling zip v0.6.6
   Compiling glyphon v0.5.0
   Compiling iced_wgpu v0.12.1
   Compiling rusqlite v0.31.0
   Compiling iced_renderer v0.12.1
   Compiling iced_widget v0.12.3
   Compiling iced v0.12.1
    Finished `release` profile [optimized] target(s) in 1m 24s
